<?xml version="1.0" encoding="UTF-8"?>
<testng-results ignored="0" total="1" passed="1" failed="0" skipped="0">
  <reporter-output>
  </reporter-output>
  <suite started-at="2022-11-01T18:29:14 IST" name="Default suite" finished-at="2022-11-01T18:29:24 IST" duration-ms="10171">
    <groups>
    </groups>
    <test started-at="2022-11-01T18:29:14 IST" name="Default test" finished-at="2022-11-01T18:29:24 IST" duration-ms="10171">
      <class name="simpleproject.Test_project">
        <test-method signature="Register_page()[pri:0, instance:simpleproject.Test_project@71def8f8]" started-at="2022-11-01T18:29:14 IST" name="Register_page" finished-at="2022-11-01T18:29:24 IST" duration-ms="10114" status="PASS">
          <reporter-output>
          </reporter-output>
        </test-method> <!-- Register_page -->
      </class> <!-- simpleproject.Test_project -->
    </test> <!-- Default test -->
  </suite> <!-- Default suite -->
</testng-results>
