<?xml version="1.0" encoding="UTF-8"?>
<testng-results ignored="0" total="2" passed="2" failed="0" skipped="0">
  <reporter-output>
  </reporter-output>
  <suite started-at="2022-10-15T19:42:39 IST" name="Default suite" finished-at="2022-10-15T19:42:39 IST" duration-ms="60">
    <groups>
    </groups>
    <test started-at="2022-10-15T19:42:39 IST" name="Default test" finished-at="2022-10-15T19:42:39 IST" duration-ms="60">
      <class name="com.post.App_test">
        <test-method signature="testlogin1()[pri:0, instance:com.post.App_test@45ca843]" started-at="2022-10-15T19:42:39 IST" name="testlogin1" finished-at="2022-10-15T19:42:39 IST" duration-ms="15" status="PASS">
          <reporter-output>
          </reporter-output>
        </test-method> <!-- testlogin1 -->
        <test-method signature="testlogin2()[pri:0, instance:com.post.App_test@45ca843]" started-at="2022-10-15T19:42:39 IST" name="testlogin2" finished-at="2022-10-15T19:42:39 IST" duration-ms="1" status="PASS">
          <reporter-output>
          </reporter-output>
        </test-method> <!-- testlogin2 -->
      </class> <!-- com.post.App_test -->
    </test> <!-- Default test -->
  </suite> <!-- Default suite -->
</testng-results>
